<?xml version="1.0" encoding="UTF-8"?><testsuites failures="0" name="dependency-check" tests="2"><testsuite failures="0" errors="0" time="0" id="0" name="/src/src/index.js" package="index.js" skipped="0" tests="1" timestamp="2025-09-24T05:58:32.425020168"><testcase classname="dependency-check" name="index.js"/></testsuite><testsuite failures="0" errors="0" time="0" id="1" name="/src/src/package.json" package="package.json" skipped="0" tests="1" timestamp="2025-09-24T05:58:32.425020168"><testcase classname="dependency-check" name="package.json"/></testsuite></testsuites>